<?xml version="1.0" encoding="UTF-8"?>
<testng-results ignored="0" total="2" passed="2" failed="0" skipped="0">
  <reporter-output>
  </reporter-output>
  <suite started-at="2023-09-21T15:28:47 IST" name="Suite" finished-at="2023-09-21T15:29:04 IST" duration-ms="16246">
    <groups>
    </groups>
    <test started-at="2023-09-21T15:28:47 IST" name="UserRegistration_chrome" finished-at="2023-09-21T15:28:59 IST" duration-ms="11576">
      <class name="TestCases.TC01_UserRegsitration">
        <test-method is-config="true" signature="setup(java.lang.String)[pri:0, instance:TestCases.TC01_UserRegsitration@50eac852]" started-at="2023-09-21T15:28:47 IST" name="setup" finished-at="2023-09-21T15:28:57 IST" duration-ms="9676" status="PASS">
          <params>
            <param index="0">
              <value>
                <![CDATA[chrome]]>
              </value>
            </param>
          </params>
          <reporter-output>
          </reporter-output>
        </test-method> <!-- setup -->
        <test-method signature="test_login()[pri:0, instance:TestCases.TC01_UserRegsitration@50eac852]" started-at="2023-09-21T15:28:57 IST" name="test_login" finished-at="2023-09-21T15:28:59 IST" duration-ms="1850" status="PASS">
          <reporter-output>
          </reporter-output>
        </test-method> <!-- test_login -->
        <test-method is-config="true" signature="teardDown()[pri:0, instance:TestCases.TC01_UserRegsitration@50eac852]" started-at="2023-09-21T15:28:59 IST" name="teardDown" finished-at="2023-09-21T15:28:59 IST" duration-ms="1" status="PASS">
          <reporter-output>
          </reporter-output>
        </test-method> <!-- teardDown -->
      </class> <!-- TestCases.TC01_UserRegsitration -->
    </test> <!-- UserRegistration_chrome -->
    <test started-at="2023-09-21T15:28:47 IST" name="UserRegistration_firefox" finished-at="2023-09-21T15:29:04 IST" duration-ms="16246">
      <class name="TestCases.TC01_UserRegsitration">
        <test-method is-config="true" signature="setup(java.lang.String)[pri:0, instance:TestCases.TC01_UserRegsitration@6356695f]" started-at="2023-09-21T15:28:47 IST" name="setup" finished-at="2023-09-21T15:29:02 IST" duration-ms="14164" status="PASS">
          <params>
            <param index="0">
              <value>
                <![CDATA[firefox]]>
              </value>
            </param>
          </params>
          <reporter-output>
          </reporter-output>
        </test-method> <!-- setup -->
        <test-method signature="test_login()[pri:0, instance:TestCases.TC01_UserRegsitration@6356695f]" started-at="2023-09-21T15:29:02 IST" name="test_login" finished-at="2023-09-21T15:29:04 IST" duration-ms="2051" status="PASS">
          <reporter-output>
          </reporter-output>
        </test-method> <!-- test_login -->
        <test-method is-config="true" signature="teardDown()[pri:0, instance:TestCases.TC01_UserRegsitration@6356695f]" started-at="2023-09-21T15:29:04 IST" name="teardDown" finished-at="2023-09-21T15:29:04 IST" duration-ms="1" status="PASS">
          <reporter-output>
          </reporter-output>
        </test-method> <!-- teardDown -->
      </class> <!-- TestCases.TC01_UserRegsitration -->
    </test> <!-- UserRegistration_firefox -->
  </suite> <!-- Suite -->
</testng-results>
